2022/09/06 18:07:26 INFO  - jmeter.util.JMeterUtils: Setting Locale to en_US 
2022/09/06 18:07:26 INFO  - jmeter.JMeter: Loading user properties from: /usr/share/jmeter/bin/user.properties 
2022/09/06 18:07:26 INFO  - jmeter.JMeter: Loading system properties from: /usr/share/jmeter/bin/system.properties 
2022/09/06 18:07:26 INFO  - jmeter.JMeter: Copyright (c) 1998-2015 The Apache Software Foundation 
2022/09/06 18:07:26 INFO  - jmeter.JMeter: Version 2.13.20180731 
2022/09/06 18:07:26 INFO  - jmeter.JMeter: java.version=11.0.16 
2022/09/06 18:07:26 INFO  - jmeter.JMeter: java.vm.name=OpenJDK 64-Bit Server VM 
2022/09/06 18:07:26 INFO  - jmeter.JMeter: os.name=Linux 
2022/09/06 18:07:26 INFO  - jmeter.JMeter: os.arch=amd64 
2022/09/06 18:07:26 INFO  - jmeter.JMeter: os.version=5.4.0-125-generic 
2022/09/06 18:07:26 INFO  - jmeter.JMeter: file.encoding=UTF-8 
2022/09/06 18:07:26 INFO  - jmeter.JMeter: Default Locale=English (United States) 
2022/09/06 18:07:26 INFO  - jmeter.JMeter: JMeter  Locale=English (United States) 
2022/09/06 18:07:26 INFO  - jmeter.JMeter: JMeterHome=/usr/share/jmeter 
2022/09/06 18:07:26 INFO  - jmeter.JMeter: user.dir  =/home/f18/Desktop/dev/kubernetes/examples 
2022/09/06 18:07:26 INFO  - jmeter.JMeter: PWD       =/home/f18/Desktop/dev/kubernetes/examples 
2022/09/06 18:07:26 INFO  - jmeter.JMeter: IP: 127.0.1.1 Name: sukio FullName: sukio 
2022/09/06 18:07:29 INFO  - jmeter.gui.action.LookAndFeelCommand: Using look and feel: javax.swing.plaf.metal.MetalLookAndFeel [Metal, CrossPlatform] 
2022/09/06 18:07:29 INFO  - jmeter.JMeter: Loaded icon properties from org/apache/jmeter/images/icon.properties 
2022/09/06 18:07:30 INFO  - jmeter.engine.util.CompoundVariable: Note: Function class names must contain the string: '.functions.' 
2022/09/06 18:07:30 INFO  - jmeter.engine.util.CompoundVariable: Note: Function class names must not contain the string: '.gui.' 
2022/09/06 18:07:34 INFO  - jmeter.util.BSFTestElement: Registering JMeter version of JavaScript engine as work-round for BSF-22 
2022/09/06 18:07:36 INFO  - jmeter.protocol.http.sampler.HTTPSamplerBase: Cannot find .className property for htmlParser, using default 
2022/09/06 18:07:36 INFO  - jmeter.protocol.http.sampler.HTTPSamplerBase: Parser for text/html is  
2022/09/06 18:07:36 INFO  - jmeter.protocol.http.sampler.HTTPSamplerBase: Parser for application/xhtml+xml is  
2022/09/06 18:07:36 INFO  - jmeter.protocol.http.sampler.HTTPSamplerBase: Parser for application/xml is  
2022/09/06 18:07:36 INFO  - jmeter.protocol.http.sampler.HTTPSamplerBase: Parser for text/xml is  
2022/09/06 18:07:36 INFO  - jmeter.protocol.http.sampler.HTTPSamplerBase: Parser for text/vnd.wap.wml is org.apache.jmeter.protocol.http.parser.RegexpHTMLParser 
2022/09/06 18:07:37 INFO  - jmeter.gui.util.MenuFactory: Skipping org.apache.jmeter.protocol.http.modifier.gui.ParamModifierGui 
2022/09/06 18:07:37 INFO  - jorphan.exec.KeyToolUtils: keytool found at 'keytool' 
2022/09/06 18:07:37 INFO  - jmeter.protocol.http.proxy.ProxyControl: HTTP(S) Test Script Recorder SSL Proxy will use keys that support embedded 3rd party resources in file /usr/share/jmeter/bin/proxyserver.jks 
2022/09/06 18:07:38 INFO  - jmeter.samplers.SampleResult: Note: Sample TimeStamps are START times 
2022/09/06 18:07:38 INFO  - jmeter.samplers.SampleResult: sampleresult.default.encoding is set to ISO-8859-1 
2022/09/06 18:07:38 INFO  - jmeter.samplers.SampleResult: sampleresult.useNanoTime=true 
2022/09/06 18:07:38 INFO  - jmeter.samplers.SampleResult: sampleresult.nanoThreadSleep=5000 
2022/09/06 18:21:44 INFO  - jmeter.gui.action.template.TemplateManager: Reading templates from:/usr/share/jmeter/bin/templates/templates.xml 
2022/09/06 18:21:46 INFO  - jmeter.gui.action.Load: Loading file: /usr/share/jmeter/bin/templates/recording.jmx 
2022/09/06 18:21:46 INFO  - jmeter.save.SaveService: Testplan (JMX) version: 2.2. Testlog (JTL) version: 2.2 
2022/09/06 18:21:46 INFO  - jmeter.save.SaveService: Using SaveService properties version 2.8 
2022/09/06 18:21:46 INFO  - jmeter.save.SaveService: Using SaveService properties file version 1656252 
2022/09/06 18:21:46 INFO  - jmeter.save.SaveService: Using SaveService properties file encoding UTF-8 
2022/09/06 18:21:46 INFO  - jmeter.save.SaveService: All converter versions present and correct 
2022/09/06 18:21:46 INFO  - jmeter.save.SaveService: Loading file: /usr/share/jmeter/bin/templates/recording.jmx 
2022/09/06 18:21:46 INFO  - jmeter.protocol.http.control.CookieManager: Settings: Delete null: true Check: true Allow variable: true Save: false Prefix: COOKIE_ 
2022/09/06 18:22:21 INFO  - jmeter.services.FileServer: Default base='/home/f18/Desktop/dev/kubernetes/examples' 
2022/09/06 18:22:21 INFO  - jmeter.services.FileServer: Set new base='/usr/share/jmeter/bin' 
2022/09/06 18:22:21 ERROR - jmeter.gui.action.Save: Error saving tree: java.io.FileNotFoundException: /usr/share/jmeter/bin/HTTP Request.jmx (Permission denied)
	at java.base/java.io.FileOutputStream.open0(Native Method)
	at java.base/java.io.FileOutputStream.open(FileOutputStream.java:298)
	at java.base/java.io.FileOutputStream.<init>(FileOutputStream.java:237)
	at java.base/java.io.FileOutputStream.<init>(FileOutputStream.java:126)
	at org.apache.jmeter.gui.action.Save.doAction(Save.java:178)
	at org.apache.jmeter.gui.action.ActionRouter.performAction(ActionRouter.java:81)
	at org.apache.jmeter.gui.action.ActionRouter.doActionNow(ActionRouter.java:114)
	at org.apache.jmeter.gui.action.AbstractAction.popupShouldSave(AbstractAction.java:58)
	at org.apache.jmeter.gui.action.Start.doAction(Start.java:73)
	at org.apache.jmeter.gui.action.ActionRouter.performAction(ActionRouter.java:81)
	at org.apache.jmeter.gui.action.ActionRouter.access$000(ActionRouter.java:40)
	at org.apache.jmeter.gui.action.ActionRouter$1.run(ActionRouter.java:63)
	at java.desktop/java.awt.event.InvocationEvent.dispatch(InvocationEvent.java:313)
	at java.desktop/java.awt.EventQueue.dispatchEventImpl(EventQueue.java:770)
	at java.desktop/java.awt.EventQueue$4.run(EventQueue.java:721)
	at java.desktop/java.awt.EventQueue$4.run(EventQueue.java:715)
	at java.base/java.security.AccessController.doPrivileged(Native Method)
	at java.base/java.security.ProtectionDomain$JavaSecurityAccessImpl.doIntersectionPrivilege(ProtectionDomain.java:85)
	at java.desktop/java.awt.EventQueue.dispatchEvent(EventQueue.java:740)
	at java.desktop/java.awt.EventDispatchThread.pumpOneEventForFilters(EventDispatchThread.java:203)
	at java.desktop/java.awt.EventDispatchThread.pumpEventsForFilter(EventDispatchThread.java:124)
	at java.desktop/java.awt.EventDispatchThread.pumpEventsForHierarchy(EventDispatchThread.java:113)
	at java.desktop/java.awt.EventDispatchThread.pumpEvents(EventDispatchThread.java:109)
	at java.desktop/java.awt.EventDispatchThread.pumpEvents(EventDispatchThread.java:101)
	at java.desktop/java.awt.EventDispatchThread.run(EventDispatchThread.java:90)

2022/09/06 18:22:22 INFO  - jmeter.engine.StandardJMeterEngine: Listeners will be started after enabling running version 
2022/09/06 18:22:22 INFO  - jmeter.engine.StandardJMeterEngine: To revert to the earlier behaviour, define jmeterengine.startlistenerslater=false 
2022/09/06 18:22:22 INFO  - jmeter.engine.StandardJMeterEngine: Running the test! 
2022/09/06 18:22:22 INFO  - jmeter.samplers.SampleEvent: List of sample_variables: [] 
2022/09/06 18:22:22 INFO  - jmeter.samplers.SampleEvent: List of sample_variables: [] 
2022/09/06 18:22:22 INFO  - jmeter.gui.util.JMeterMenuBar: setRunning(true,*local*) 
2022/09/06 18:22:22 INFO  - jmeter.engine.StandardJMeterEngine: Starting ThreadGroup: 1 : Thread Group 
2022/09/06 18:22:22 INFO  - jmeter.engine.StandardJMeterEngine: Starting 1 threads for group Thread Group. 
2022/09/06 18:22:22 INFO  - jmeter.engine.StandardJMeterEngine: Thread will continue on error 
2022/09/06 18:22:22 INFO  - jmeter.threads.ThreadGroup: Starting thread group number 1 threads 1 ramp-up 1 perThread 1000.0 delayedStart=false 
2022/09/06 18:22:22 INFO  - jmeter.threads.JMeterThread: jmeterthread.startearlier=true (see jmeter.properties) 
2022/09/06 18:22:22 INFO  - jmeter.threads.JMeterThread: Running PostProcessors in forward order 
2022/09/06 18:22:22 INFO  - jmeter.threads.ThreadGroup: Started thread group number 1 
2022/09/06 18:22:22 INFO  - jmeter.engine.StandardJMeterEngine: All thread groups have been started 
2022/09/06 18:22:22 INFO  - jmeter.threads.JMeterThread: Thread started: Thread Group 1-1 
2022/09/06 18:22:22 INFO  - jmeter.protocol.http.sampler.HTTPHCAbstractImpl: Local host = sukio 
2022/09/06 18:22:22 INFO  - jmeter.protocol.http.sampler.HTTPHC4Impl: HTTP request retry count = 0 
2022/09/06 18:22:23 INFO  - jmeter.protocol.http.sampler.HTTPHC4Impl: Setting up HTTPS TrustAll scheme 
2022/09/06 18:22:23 INFO  - jmeter.util.JsseSSLManager: Using default SSL protocol: TLS 
2022/09/06 18:22:23 INFO  - jmeter.util.JsseSSLManager: SSL session context: per-thread 
2022/09/06 18:22:24 INFO  - jmeter.util.SSLManager: JmeterKeyStore Location:  type JKS 
2022/09/06 18:22:24 INFO  - jmeter.util.SSLManager: KeyStore created OK 
2022/09/06 18:22:24 WARN  - jmeter.util.SSLManager: Keystore file not found, loading empty keystore 
2022/09/06 18:22:24 INFO  - jmeter.threads.JMeterThread: Thread is done: Thread Group 1-1 
2022/09/06 18:22:24 INFO  - jmeter.threads.JMeterThread: Thread finished: Thread Group 1-1 
2022/09/06 18:22:24 INFO  - jmeter.engine.StandardJMeterEngine: Notifying test listeners of end of test 
2022/09/06 18:22:24 INFO  - jmeter.gui.util.JMeterMenuBar: setRunning(false,*local*) 
2022/09/06 18:22:40 INFO  - jmeter.engine.StandardJMeterEngine: Running the test! 
2022/09/06 18:22:40 INFO  - jmeter.samplers.SampleEvent: List of sample_variables: [] 
2022/09/06 18:22:40 INFO  - jmeter.gui.util.JMeterMenuBar: setRunning(true,*local*) 
2022/09/06 18:22:40 INFO  - jmeter.engine.StandardJMeterEngine: Starting ThreadGroup: 1 : Thread Group 
2022/09/06 18:22:40 INFO  - jmeter.engine.StandardJMeterEngine: Starting 1 threads for group Thread Group. 
2022/09/06 18:22:40 INFO  - jmeter.engine.StandardJMeterEngine: Thread will continue on error 
2022/09/06 18:22:40 INFO  - jmeter.threads.ThreadGroup: Starting thread group number 1 threads 1 ramp-up 1 perThread 1000.0 delayedStart=false 
2022/09/06 18:22:40 INFO  - jmeter.threads.ThreadGroup: Started thread group number 1 
2022/09/06 18:22:40 INFO  - jmeter.engine.StandardJMeterEngine: All thread groups have been started 
2022/09/06 18:22:40 INFO  - jmeter.threads.JMeterThread: Thread started: Thread Group 1-1 
2022/09/06 18:22:40 INFO  - jmeter.threads.JMeterThread: Thread is done: Thread Group 1-1 
2022/09/06 18:22:40 INFO  - jmeter.threads.JMeterThread: Thread finished: Thread Group 1-1 
2022/09/06 18:22:40 INFO  - jmeter.engine.StandardJMeterEngine: Notifying test listeners of end of test 
2022/09/06 18:22:40 INFO  - jmeter.gui.util.JMeterMenuBar: setRunning(false,*local*) 
2022/09/06 18:22:48 INFO  - jmeter.engine.StandardJMeterEngine: Running the test! 
2022/09/06 18:22:48 INFO  - jmeter.samplers.SampleEvent: List of sample_variables: [] 
2022/09/06 18:22:48 INFO  - jmeter.gui.util.JMeterMenuBar: setRunning(true,*local*) 
2022/09/06 18:22:48 INFO  - jmeter.engine.StandardJMeterEngine: Starting ThreadGroup: 1 : Thread Group 
2022/09/06 18:22:48 INFO  - jmeter.engine.StandardJMeterEngine: Starting 20 threads for group Thread Group. 
2022/09/06 18:22:48 INFO  - jmeter.engine.StandardJMeterEngine: Thread will continue on error 
2022/09/06 18:22:48 INFO  - jmeter.threads.ThreadGroup: Starting thread group number 1 threads 20 ramp-up 1 perThread 50.0 delayedStart=false 
2022/09/06 18:22:48 INFO  - jmeter.threads.JMeterThread: Thread started: Thread Group 1-1 
2022/09/06 18:22:48 INFO  - jmeter.threads.ThreadGroup: Started thread group number 1 
2022/09/06 18:22:48 INFO  - jmeter.threads.JMeterThread: Thread started: Thread Group 1-2 
2022/09/06 18:22:48 INFO  - jmeter.engine.StandardJMeterEngine: All thread groups have been started 
2022/09/06 18:22:48 INFO  - jmeter.threads.JMeterThread: Thread started: Thread Group 1-3 
2022/09/06 18:22:48 INFO  - jmeter.threads.JMeterThread: Thread is done: Thread Group 1-1 
2022/09/06 18:22:48 INFO  - jmeter.threads.JMeterThread: Thread finished: Thread Group 1-1 
2022/09/06 18:22:48 INFO  - jmeter.threads.JMeterThread: Thread started: Thread Group 1-4 
2022/09/06 18:22:48 INFO  - jmeter.threads.JMeterThread: Thread started: Thread Group 1-5 
2022/09/06 18:22:48 INFO  - jmeter.threads.JMeterThread: Thread is done: Thread Group 1-2 
2022/09/06 18:22:48 INFO  - jmeter.threads.JMeterThread: Thread finished: Thread Group 1-2 
2022/09/06 18:22:48 INFO  - jmeter.threads.JMeterThread: Thread is done: Thread Group 1-3 
2022/09/06 18:22:48 INFO  - jmeter.threads.JMeterThread: Thread finished: Thread Group 1-3 
2022/09/06 18:22:48 INFO  - jmeter.threads.JMeterThread: Thread started: Thread Group 1-6 
2022/09/06 18:22:48 INFO  - jmeter.threads.JMeterThread: Thread is done: Thread Group 1-4 
2022/09/06 18:22:48 INFO  - jmeter.threads.JMeterThread: Thread finished: Thread Group 1-4 
2022/09/06 18:22:48 INFO  - jmeter.threads.JMeterThread: Thread started: Thread Group 1-7 
2022/09/06 18:22:48 INFO  - jmeter.threads.JMeterThread: Thread is done: Thread Group 1-5 
2022/09/06 18:22:48 INFO  - jmeter.threads.JMeterThread: Thread finished: Thread Group 1-5 
2022/09/06 18:22:48 INFO  - jmeter.threads.JMeterThread: Thread started: Thread Group 1-8 
2022/09/06 18:22:48 INFO  - jmeter.threads.JMeterThread: Thread is done: Thread Group 1-6 
2022/09/06 18:22:48 INFO  - jmeter.threads.JMeterThread: Thread finished: Thread Group 1-6 
2022/09/06 18:22:48 INFO  - jmeter.threads.JMeterThread: Thread started: Thread Group 1-9 
2022/09/06 18:22:48 INFO  - jmeter.threads.JMeterThread: Thread is done: Thread Group 1-7 
2022/09/06 18:22:48 INFO  - jmeter.threads.JMeterThread: Thread finished: Thread Group 1-7 
2022/09/06 18:22:48 INFO  - jmeter.threads.JMeterThread: Thread started: Thread Group 1-10 
2022/09/06 18:22:49 INFO  - jmeter.threads.JMeterThread: Thread is done: Thread Group 1-8 
2022/09/06 18:22:49 INFO  - jmeter.threads.JMeterThread: Thread finished: Thread Group 1-8 
2022/09/06 18:22:49 INFO  - jmeter.threads.JMeterThread: Thread started: Thread Group 1-11 
2022/09/06 18:22:49 INFO  - jmeter.threads.JMeterThread: Thread started: Thread Group 1-12 
2022/09/06 18:22:49 INFO  - jmeter.threads.JMeterThread: Thread is done: Thread Group 1-9 
2022/09/06 18:22:49 INFO  - jmeter.threads.JMeterThread: Thread finished: Thread Group 1-9 
2022/09/06 18:22:49 INFO  - jmeter.threads.JMeterThread: Thread started: Thread Group 1-13 
2022/09/06 18:22:49 INFO  - jmeter.threads.JMeterThread: Thread is done: Thread Group 1-11 
2022/09/06 18:22:49 INFO  - jmeter.threads.JMeterThread: Thread is done: Thread Group 1-10 
2022/09/06 18:22:49 INFO  - jmeter.threads.JMeterThread: Thread finished: Thread Group 1-11 
2022/09/06 18:22:49 INFO  - jmeter.threads.JMeterThread: Thread finished: Thread Group 1-10 
2022/09/06 18:22:49 INFO  - jmeter.threads.JMeterThread: Thread started: Thread Group 1-14 
2022/09/06 18:22:49 INFO  - jmeter.threads.JMeterThread: Thread is done: Thread Group 1-12 
2022/09/06 18:22:49 INFO  - jmeter.threads.JMeterThread: Thread finished: Thread Group 1-12 
2022/09/06 18:22:49 INFO  - jmeter.threads.JMeterThread: Thread started: Thread Group 1-15 
2022/09/06 18:22:49 INFO  - jmeter.threads.JMeterThread: Thread is done: Thread Group 1-13 
2022/09/06 18:22:49 INFO  - jmeter.threads.JMeterThread: Thread finished: Thread Group 1-13 
2022/09/06 18:22:49 INFO  - jmeter.threads.JMeterThread: Thread started: Thread Group 1-16 
2022/09/06 18:22:49 INFO  - jmeter.threads.JMeterThread: Thread is done: Thread Group 1-14 
2022/09/06 18:22:49 INFO  - jmeter.threads.JMeterThread: Thread finished: Thread Group 1-14 
2022/09/06 18:22:49 INFO  - jmeter.threads.JMeterThread: Thread started: Thread Group 1-17 
2022/09/06 18:22:49 INFO  - jmeter.threads.JMeterThread: Thread is done: Thread Group 1-15 
2022/09/06 18:22:49 INFO  - jmeter.threads.JMeterThread: Thread finished: Thread Group 1-15 
2022/09/06 18:22:49 INFO  - jmeter.threads.JMeterThread: Thread started: Thread Group 1-18 
2022/09/06 18:22:49 INFO  - jmeter.threads.JMeterThread: Thread is done: Thread Group 1-16 
2022/09/06 18:22:49 INFO  - jmeter.threads.JMeterThread: Thread finished: Thread Group 1-16 
2022/09/06 18:22:49 INFO  - jmeter.threads.JMeterThread: Thread is done: Thread Group 1-17 
2022/09/06 18:22:49 INFO  - jmeter.threads.JMeterThread: Thread finished: Thread Group 1-17 
2022/09/06 18:22:49 INFO  - jmeter.threads.JMeterThread: Thread started: Thread Group 1-19 
2022/09/06 18:22:49 INFO  - jmeter.threads.JMeterThread: Thread started: Thread Group 1-20 
2022/09/06 18:22:49 INFO  - jmeter.threads.JMeterThread: Thread is done: Thread Group 1-18 
2022/09/06 18:22:49 INFO  - jmeter.threads.JMeterThread: Thread finished: Thread Group 1-18 
2022/09/06 18:22:49 INFO  - jmeter.threads.JMeterThread: Thread is done: Thread Group 1-19 
2022/09/06 18:22:49 INFO  - jmeter.threads.JMeterThread: Thread finished: Thread Group 1-19 
2022/09/06 18:22:49 INFO  - jmeter.threads.JMeterThread: Thread is done: Thread Group 1-20 
2022/09/06 18:22:49 INFO  - jmeter.threads.JMeterThread: Thread finished: Thread Group 1-20 
2022/09/06 18:22:49 INFO  - jmeter.engine.StandardJMeterEngine: Notifying test listeners of end of test 
2022/09/06 18:22:49 INFO  - jmeter.gui.util.JMeterMenuBar: setRunning(false,*local*) 
2022/09/06 18:30:02 INFO  - jmeter.engine.StandardJMeterEngine: Running the test! 
2022/09/06 18:30:02 INFO  - jmeter.samplers.SampleEvent: List of sample_variables: [] 
2022/09/06 18:30:02 INFO  - jmeter.gui.util.JMeterMenuBar: setRunning(true,*local*) 
2022/09/06 18:30:03 INFO  - jmeter.engine.StandardJMeterEngine: Starting ThreadGroup: 1 : Thread Group 
2022/09/06 18:30:03 INFO  - jmeter.engine.StandardJMeterEngine: Starting 20 threads for group Thread Group. 
2022/09/06 18:30:03 INFO  - jmeter.engine.StandardJMeterEngine: Thread will continue on error 
2022/09/06 18:30:03 INFO  - jmeter.threads.ThreadGroup: Starting thread group number 1 threads 20 ramp-up 1 perThread 50.0 delayedStart=false 
2022/09/06 18:30:03 INFO  - jmeter.threads.JMeterThread: Thread started: Thread Group 1-1 
2022/09/06 18:30:03 INFO  - jmeter.threads.ThreadGroup: Started thread group number 1 
2022/09/06 18:30:03 INFO  - jmeter.engine.StandardJMeterEngine: All thread groups have been started 
2022/09/06 18:30:03 INFO  - jmeter.threads.JMeterThread: Thread started: Thread Group 1-2 
2022/09/06 18:30:03 INFO  - jmeter.threads.JMeterThread: Thread started: Thread Group 1-4 
2022/09/06 18:30:03 INFO  - jmeter.threads.JMeterThread: Thread started: Thread Group 1-3 
2022/09/06 18:30:03 INFO  - jmeter.threads.JMeterThread: Thread started: Thread Group 1-5 
2022/09/06 18:30:04 INFO  - jmeter.threads.JMeterThread: Thread started: Thread Group 1-6 
2022/09/06 18:30:04 INFO  - jmeter.threads.JMeterThread: Thread started: Thread Group 1-7 
2022/09/06 18:30:04 INFO  - jmeter.threads.JMeterThread: Thread started: Thread Group 1-8 
2022/09/06 18:30:04 INFO  - jmeter.threads.JMeterThread: Thread is done: Thread Group 1-3 
2022/09/06 18:30:04 INFO  - jmeter.threads.JMeterThread: Thread finished: Thread Group 1-3 
2022/09/06 18:30:04 INFO  - jmeter.threads.JMeterThread: Thread is done: Thread Group 1-1 
2022/09/06 18:30:04 INFO  - jmeter.threads.JMeterThread: Thread finished: Thread Group 1-1 
2022/09/06 18:30:04 INFO  - jmeter.threads.JMeterThread: Thread is done: Thread Group 1-6 
2022/09/06 18:30:04 INFO  - jmeter.threads.JMeterThread: Thread finished: Thread Group 1-6 
2022/09/06 18:30:04 INFO  - jmeter.threads.JMeterThread: Thread is done: Thread Group 1-5 
2022/09/06 18:30:04 INFO  - jmeter.threads.JMeterThread: Thread finished: Thread Group 1-5 
2022/09/06 18:30:04 INFO  - jmeter.threads.JMeterThread: Thread is done: Thread Group 1-4 
2022/09/06 18:30:04 INFO  - jmeter.threads.JMeterThread: Thread finished: Thread Group 1-4 
2022/09/06 18:30:04 INFO  - jmeter.threads.JMeterThread: Thread is done: Thread Group 1-2 
2022/09/06 18:30:04 INFO  - jmeter.threads.JMeterThread: Thread finished: Thread Group 1-2 
2022/09/06 18:30:04 INFO  - jmeter.threads.JMeterThread: Thread started: Thread Group 1-9 
2022/09/06 18:30:04 INFO  - jmeter.threads.JMeterThread: Thread is done: Thread Group 1-7 
2022/09/06 18:30:04 INFO  - jmeter.threads.JMeterThread: Thread finished: Thread Group 1-7 
2022/09/06 18:30:04 INFO  - jmeter.threads.JMeterThread: Thread started: Thread Group 1-10 
2022/09/06 18:30:04 INFO  - jmeter.threads.JMeterThread: Thread is done: Thread Group 1-8 
2022/09/06 18:30:04 INFO  - jmeter.threads.JMeterThread: Thread finished: Thread Group 1-8 
2022/09/06 18:30:04 INFO  - jmeter.threads.JMeterThread: Thread started: Thread Group 1-11 
2022/09/06 18:30:04 INFO  - jmeter.threads.JMeterThread: Thread is done: Thread Group 1-9 
2022/09/06 18:30:04 INFO  - jmeter.threads.JMeterThread: Thread finished: Thread Group 1-9 
2022/09/06 18:30:04 INFO  - jmeter.threads.JMeterThread: Thread started: Thread Group 1-12 
2022/09/06 18:30:04 INFO  - jmeter.threads.JMeterThread: Thread is done: Thread Group 1-10 
2022/09/06 18:30:04 INFO  - jmeter.threads.JMeterThread: Thread finished: Thread Group 1-10 
2022/09/06 18:30:04 INFO  - jmeter.threads.JMeterThread: Thread started: Thread Group 1-13 
2022/09/06 18:30:04 INFO  - jmeter.threads.JMeterThread: Thread is done: Thread Group 1-11 
2022/09/06 18:30:04 INFO  - jmeter.threads.JMeterThread: Thread finished: Thread Group 1-11 
2022/09/06 18:30:04 INFO  - jmeter.threads.JMeterThread: Thread started: Thread Group 1-14 
2022/09/06 18:30:04 INFO  - jmeter.threads.JMeterThread: Thread is done: Thread Group 1-12 
2022/09/06 18:30:04 INFO  - jmeter.threads.JMeterThread: Thread finished: Thread Group 1-12 
2022/09/06 18:30:04 INFO  - jmeter.threads.JMeterThread: Thread is done: Thread Group 1-13 
2022/09/06 18:30:04 INFO  - jmeter.threads.JMeterThread: Thread finished: Thread Group 1-13 
2022/09/06 18:30:04 INFO  - jmeter.threads.JMeterThread: Thread started: Thread Group 1-15 
2022/09/06 18:30:04 INFO  - jmeter.threads.JMeterThread: Thread started: Thread Group 1-16 
2022/09/06 18:30:04 INFO  - jmeter.threads.JMeterThread: Thread is done: Thread Group 1-14 
2022/09/06 18:30:04 INFO  - jmeter.threads.JMeterThread: Thread finished: Thread Group 1-14 
2022/09/06 18:30:04 INFO  - jmeter.threads.JMeterThread: Thread started: Thread Group 1-17 
2022/09/06 18:30:04 INFO  - jmeter.threads.JMeterThread: Thread is done: Thread Group 1-15 
2022/09/06 18:30:04 INFO  - jmeter.threads.JMeterThread: Thread finished: Thread Group 1-15 
2022/09/06 18:30:04 INFO  - jmeter.threads.JMeterThread: Thread started: Thread Group 1-18 
2022/09/06 18:30:04 INFO  - jmeter.threads.JMeterThread: Thread is done: Thread Group 1-16 
2022/09/06 18:30:04 INFO  - jmeter.threads.JMeterThread: Thread finished: Thread Group 1-16 
2022/09/06 18:30:04 INFO  - jmeter.threads.JMeterThread: Thread started: Thread Group 1-19 
2022/09/06 18:30:04 INFO  - jmeter.threads.JMeterThread: Thread is done: Thread Group 1-17 
2022/09/06 18:30:04 INFO  - jmeter.threads.JMeterThread: Thread finished: Thread Group 1-17 
2022/09/06 18:30:04 INFO  - jmeter.threads.JMeterThread: Thread started: Thread Group 1-20 
2022/09/06 18:30:04 INFO  - jmeter.threads.JMeterThread: Thread is done: Thread Group 1-18 
2022/09/06 18:30:04 INFO  - jmeter.threads.JMeterThread: Thread finished: Thread Group 1-18 
2022/09/06 18:30:04 INFO  - jmeter.threads.JMeterThread: Thread is done: Thread Group 1-19 
2022/09/06 18:30:04 INFO  - jmeter.threads.JMeterThread: Thread finished: Thread Group 1-19 
2022/09/06 18:30:04 INFO  - jmeter.threads.JMeterThread: Thread is done: Thread Group 1-20 
2022/09/06 18:30:04 INFO  - jmeter.threads.JMeterThread: Thread finished: Thread Group 1-20 
2022/09/06 18:30:04 INFO  - jmeter.engine.StandardJMeterEngine: Notifying test listeners of end of test 
2022/09/06 18:30:04 INFO  - jmeter.gui.util.JMeterMenuBar: setRunning(false,*local*) 
